<?xml version="1.0" encoding="UTF-8"?>
<testsuite name="com.effynet.blogger.query.domain.entities.DynamoDBQueryRepositoryTest" tests="1" skipped="0" failures="0" errors="0" timestamp="2022-11-09T18:50:32" hostname="MacBook-Pro-de-Fernando.local" time="0.675">
  <properties/>
  <testcase name="createComment()" classname="com.effynet.blogger.query.domain.entities.DynamoDBQueryRepositoryTest" time="0.675"/>
  <system-out><![CDATA[]]></system-out>
  <system-err><![CDATA[]]></system-err>
</testsuite>
