<?xml version="1.0" encoding="UTF-8"?>
<testsuite name="com.effynet.blogger.query.domain.entities.CommentServiceTest" tests="2" skipped="1" failures="0" errors="0" timestamp="2022-11-16T21:06:08" hostname="MacBook-Pro-de-Fernando.local" time="0.043">
  <properties/>
  <testcase name="createComment()" classname="com.effynet.blogger.query.domain.entities.CommentServiceTest" time="0.04"/>
  <testcase name="createCommentIntegrationTest()" classname="com.effynet.blogger.query.domain.entities.CommentServiceTest" time="0.001">
    <skipped/>
  </testcase>
  <system-out><![CDATA[Comment : Comment{id='67d52d9a-cfaf-43a8-b578-4acc2a2d58e3', content='67d52d9a-cfaf-43a8-b578-4acc2a2d58e3 65430cf5-4db0-456e-9e69-5531a2c82f1c', postId='65430cf5-4db0-456e-9e69-5531a2c82f1c', status=InReview}
CommentDB empty: false
]]></system-out>
  <system-err><![CDATA[]]></system-err>
</testsuite>
