<?xml version="1.0" encoding="UTF-8"?>
<testsuite name="com.effynet.blogger.query.domain.entities.CommentUtilsTest" tests="1" skipped="0" failures="0" errors="0" timestamp="2022-11-08T23:37:45" hostname="MacBook-Pro-de-Fernando.local" time="0.028">
  <properties/>
  <testcase name="getCommentFromJsonString()" classname="com.effynet.blogger.query.domain.entities.CommentUtilsTest" time="0.028"/>
  <system-out><![CDATA[]]></system-out>
  <system-err><![CDATA[]]></system-err>
</testsuite>
