<?xml version="1.0" encoding="UTF-8"?>
<testsuite name="com.effynet.blogger.query.domain.entities.CommentServiceTest" tests="2" skipped="1" failures="0" errors="0" timestamp="2022-11-16T21:36:11" hostname="MacBook-Pro-de-Fernando.local" time="0.046">
  <properties/>
  <testcase name="createComment()" classname="com.effynet.blogger.query.domain.entities.CommentServiceTest" time="0.044"/>
  <testcase name="createCommentIntegrationTest()" classname="com.effynet.blogger.query.domain.entities.CommentServiceTest" time="0.001">
    <skipped/>
  </testcase>
  <system-out><![CDATA[Comment : Comment{id='3999af3c-6f44-400f-8aae-56e10b3c4efb', content='3999af3c-6f44-400f-8aae-56e10b3c4efb 608a64b9-d2ff-4653-bf0d-2584d62461e2', postId='608a64b9-d2ff-4653-bf0d-2584d62461e2', status=InReview}
CommentDB empty: false
]]></system-out>
  <system-err><![CDATA[]]></system-err>
</testsuite>
