<?xml version="1.0" encoding="UTF-8"?>
<testsuite name="com.effynet.blogger.query.domain.entities.DynamoDBQueryRepositoryTest" tests="1" skipped="1" failures="0" errors="0" timestamp="2022-11-16T19:54:19" hostname="MacBook-Pro-de-Fernando.local" time="0.001">
  <properties/>
  <testcase name="createComment()" classname="com.effynet.blogger.query.domain.entities.DynamoDBQueryRepositoryTest" time="0.001">
    <skipped/>
  </testcase>
  <system-out><![CDATA[]]></system-out>
  <system-err><![CDATA[]]></system-err>
</testsuite>
